2023-03-22 10:34:51,208 [main] INFO  marytts.main Mary starting up...
2023-03-22 10:34:51,213 [main] INFO  marytts.main Specification version 5.2
2023-03-22 10:34:51,213 [main] INFO  marytts.main Implementation version unknown
2023-03-22 10:34:51,214 [main] INFO  marytts.main Running on a Java 17.0.5 implementation by Eclipse Adoptium, on a Windows 10 platform (amd64, 10.0)
2023-03-22 10:34:51,610 [main] INFO  marytts.ModuleRegistry Now initiating mary module 'marytts.modules.Synthesis'
2023-03-22 10:34:51,613 [main] INFO  marytts.ModuleRegistry Now initiating mary module 'marytts.modules.TextToMaryXML'
2023-03-22 10:34:51,614 [main] INFO  marytts.ModuleRegistry Now initiating mary module 'marytts.modules.SableParser'
2023-03-22 10:34:51,615 [main] INFO  marytts.ModuleRegistry Now initiating mary module 'marytts.modules.SSMLParser'
2023-03-22 10:34:51,616 [main] INFO  marytts.ModuleRegistry Now initiating mary module 'marytts.modules.APMLParser'
2023-03-22 10:34:51,617 [main] INFO  marytts.ModuleRegistry Now initiating mary module 'marytts.modules.EmotionmlParser'
2023-03-22 10:34:51,617 [main] INFO  marytts.ModuleRegistry Now initiating mary module 'marytts.modules.JTokeniser'
2023-03-22 10:34:51,618 [main] INFO  marytts.ModuleRegistry Now initiating mary module 'marytts.modules.DummyTokens2Words'
2023-03-22 10:34:51,618 [main] INFO  marytts.ModuleRegistry Now initiating mary module 'marytts.modules.ProsodyGeneric'
2023-03-22 10:34:51,622 [main] INFO  marytts.ModuleRegistry Now initiating mary module 'marytts.modules.PronunciationModel'
2023-03-22 10:34:51,623 [main] INFO  marytts.ModuleRegistry Now initiating mary module 'marytts.modules.TargetFeatureLister'
2023-03-22 10:34:51,624 [main] INFO  marytts.ModuleRegistry Now initiating mary module 'marytts.modules.HalfPhoneTargetFeatureLister'
2023-03-22 10:34:51,625 [main] INFO  marytts.ModuleRegistry Now initiating mary module 'marytts.modules.AcousticModeller'
2023-03-22 10:34:51,626 [main] INFO  marytts.ModuleRegistry Now initiating mary module 'marytts.modules.RealisedAcoustparamsExtractor'
2023-03-22 10:34:51,626 [main] INFO  marytts.ModuleRegistry Now initiating mary module 'marytts.modules.RealisedDurationsExtractor'
2023-03-22 10:34:51,627 [main] INFO  marytts.ModuleRegistry Now initiating mary module 'marytts.modules.HTSEngine'
2023-03-22 10:34:51,629 [main] INFO  marytts.ModuleRegistry Now initiating mary module 'marytts.modules.PraatTextGridGenerator'
2023-03-22 10:34:51,630 [main] INFO  marytts.ModuleRegistry Now initiating mary module 'marytts.language.en.JTokeniser'
2023-03-22 10:34:51,630 [main] INFO  marytts.ModuleRegistry Now initiating mary module 'marytts.language.en.Preprocess'
2023-03-22 10:34:51,838 [main] INFO  marytts.ModuleRegistry Now initiating mary module 'marytts.modules.JPhonemiser(en_US.)'
2023-03-22 10:34:51,839 [main] INFO  marytts.JPhonemiser User dictionary '.\user-dictionaries\userdict-en_US.txt' for locale 'en_US' does not exist. Ignoring.
2023-03-22 10:34:51,895 [main] INFO  marytts.ModuleRegistry Now initiating mary module 'marytts.modules.JPhonemiser(en_GB.)'
2023-03-22 10:34:51,896 [main] INFO  marytts.JPhonemiser User dictionary '.\user-dictionaries\userdict-en_GB.txt' for locale 'en_GB' does not exist. Ignoring.
2023-03-22 10:34:51,934 [main] INFO  marytts.ModuleRegistry Now initiating mary module 'marytts.language.en.Prosody'
2023-03-22 10:34:51,935 [main] INFO  marytts.ModuleRegistry Now initiating mary module 'marytts.modules.SimplePhoneme2AP(en_US)'
2023-03-22 10:34:51,936 [main] INFO  marytts.ModuleRegistry Now initiating mary module 'marytts.language.en.PronunciationModel'
2023-03-22 10:34:51,936 [main] INFO  marytts.ModuleRegistry Now initiating mary module 'marytts.modules.OpenNLPPosTagger(en,en.pos)'
2023-03-22 10:34:51,941 [main] INFO  marytts.UnitSelectionSynthesizer started.
2023-03-22 10:34:51,942 [main] INFO  marytts.TargetFeatureLister Module started (ACOUSTPARAMS->TARGETFEATURES, locale null).
2023-03-22 10:34:51,942 [main] INFO  marytts.HTSEngine Module started (TARGETFEATURES->AUDIO, locale null).
2023-03-22 10:34:51,961 [main] INFO  marytts.HMMData Loading Tree Set in CARTs:
2023-03-22 10:34:52,018 [main] INFO  marytts.HMMData Loading GV Model Set:
2023-03-22 10:34:52,190 [main] INFO  marytts.Voice Registering voice `cmu-rms-hsmm': male, locale en_US
2023-03-22 10:34:52,191 [main] INFO  marytts.Voice New default voice for locale en_US: cmu-rms-hsmm (desire 0)
2023-03-22 10:34:52,195 [main] INFO  marytts.HMMData Loading Tree Set in CARTs:
2023-03-22 10:34:52,228 [main] INFO  marytts.HMMData Loading GV Model Set:
2023-03-22 10:34:52,326 [main] INFO  marytts.Voice Registering voice `cmu-slt-hsmm': female, locale en_US
2023-03-22 10:34:52,329 [main] INFO  marytts.HMMData Loading Tree Set in CARTs:
2023-03-22 10:34:52,360 [main] INFO  marytts.HMMData Loading GV Model Set:
2023-03-22 10:34:52,445 [main] INFO  marytts.Voice Registering voice `dfki-poppy-hsmm': female, locale en_GB
2023-03-22 10:34:52,445 [main] INFO  marytts.Voice New default voice for locale en_GB: dfki-poppy-hsmm (desire 0)
2023-03-22 10:34:52,445 [main] INFO  marytts.HMMSynthesizer started.
2023-03-22 10:34:52,446 [main] INFO  marytts.Synthesis Module started (ACOUSTPARAMS->AUDIO, locale null).
2023-03-22 10:34:52,446 [main] INFO  marytts.HMMSynthesizer Starting power-on self test.
2023-03-22 10:34:52,448 [main] INFO  marytts.HMMSynthesizer Power-on self test complete.
2023-03-22 10:34:52,450 [main] INFO  marytts.TextToMaryXML Module started (TEXT->RAWMARYXML, locale null).
2023-03-22 10:34:52,450 [main] INFO  marytts.TextToMaryXML Starting power-on self test.
2023-03-22 10:34:52,456 [main] WARN  marytts.TextToMaryXML Locale is null, overriding with en_US
2023-03-22 10:34:52,456 [main] WARN  marytts.TextToMaryXML Locale is null, overriding with en_US
2023-03-22 10:34:52,456 [main] INFO  marytts.TextToMaryXML Power-on self test complete.
2023-03-22 10:35:29,947 [main] INFO  marytts.main Mary starting up...
2023-03-22 10:35:29,951 [main] INFO  marytts.main Specification version 5.2
2023-03-22 10:35:29,951 [main] INFO  marytts.main Implementation version unknown
2023-03-22 10:35:29,951 [main] INFO  marytts.main Running on a Java 17.0.5 implementation by Eclipse Adoptium, on a Windows 10 platform (amd64, 10.0)
2023-03-22 10:35:30,271 [main] INFO  marytts.ModuleRegistry Now initiating mary module 'marytts.modules.Synthesis'
2023-03-22 10:35:30,274 [main] INFO  marytts.ModuleRegistry Now initiating mary module 'marytts.modules.TextToMaryXML'
2023-03-22 10:35:30,276 [main] INFO  marytts.ModuleRegistry Now initiating mary module 'marytts.modules.SableParser'
2023-03-22 10:35:30,276 [main] INFO  marytts.ModuleRegistry Now initiating mary module 'marytts.modules.SSMLParser'
2023-03-22 10:35:30,277 [main] INFO  marytts.ModuleRegistry Now initiating mary module 'marytts.modules.APMLParser'
2023-03-22 10:35:30,278 [main] INFO  marytts.ModuleRegistry Now initiating mary module 'marytts.modules.EmotionmlParser'
2023-03-22 10:35:30,278 [main] INFO  marytts.ModuleRegistry Now initiating mary module 'marytts.modules.JTokeniser'
2023-03-22 10:35:30,279 [main] INFO  marytts.ModuleRegistry Now initiating mary module 'marytts.modules.DummyTokens2Words'
2023-03-22 10:35:30,279 [main] INFO  marytts.ModuleRegistry Now initiating mary module 'marytts.modules.ProsodyGeneric'
2023-03-22 10:35:30,282 [main] INFO  marytts.ModuleRegistry Now initiating mary module 'marytts.modules.PronunciationModel'
2023-03-22 10:35:30,283 [main] INFO  marytts.ModuleRegistry Now initiating mary module 'marytts.modules.TargetFeatureLister'
2023-03-22 10:35:30,284 [main] INFO  marytts.ModuleRegistry Now initiating mary module 'marytts.modules.HalfPhoneTargetFeatureLister'
2023-03-22 10:35:30,285 [main] INFO  marytts.ModuleRegistry Now initiating mary module 'marytts.modules.AcousticModeller'
2023-03-22 10:35:30,286 [main] INFO  marytts.ModuleRegistry Now initiating mary module 'marytts.modules.RealisedAcoustparamsExtractor'
2023-03-22 10:35:30,287 [main] INFO  marytts.ModuleRegistry Now initiating mary module 'marytts.modules.RealisedDurationsExtractor'
2023-03-22 10:35:30,287 [main] INFO  marytts.ModuleRegistry Now initiating mary module 'marytts.modules.HTSEngine'
2023-03-22 10:35:30,289 [main] INFO  marytts.ModuleRegistry Now initiating mary module 'marytts.modules.PraatTextGridGenerator'
2023-03-22 10:35:30,290 [main] INFO  marytts.ModuleRegistry Now initiating mary module 'marytts.language.en.JTokeniser'
2023-03-22 10:35:30,290 [main] INFO  marytts.ModuleRegistry Now initiating mary module 'marytts.language.en.Preprocess'
2023-03-22 10:35:30,516 [main] INFO  marytts.ModuleRegistry Now initiating mary module 'marytts.modules.JPhonemiser(en_US.)'
2023-03-22 10:35:30,517 [main] INFO  marytts.JPhonemiser User dictionary '.\user-dictionaries\userdict-en_US.txt' for locale 'en_US' does not exist. Ignoring.
2023-03-22 10:35:30,574 [main] INFO  marytts.ModuleRegistry Now initiating mary module 'marytts.modules.JPhonemiser(en_GB.)'
2023-03-22 10:35:30,574 [main] INFO  marytts.JPhonemiser User dictionary '.\user-dictionaries\userdict-en_GB.txt' for locale 'en_GB' does not exist. Ignoring.
2023-03-22 10:35:30,618 [main] INFO  marytts.ModuleRegistry Now initiating mary module 'marytts.language.en.Prosody'
2023-03-22 10:35:30,619 [main] INFO  marytts.ModuleRegistry Now initiating mary module 'marytts.modules.SimplePhoneme2AP(en_US)'
2023-03-22 10:35:30,620 [main] INFO  marytts.ModuleRegistry Now initiating mary module 'marytts.language.en.PronunciationModel'
2023-03-22 10:35:30,621 [main] INFO  marytts.ModuleRegistry Now initiating mary module 'marytts.modules.OpenNLPPosTagger(en,en.pos)'
2023-03-22 10:35:30,627 [main] INFO  marytts.UnitSelectionSynthesizer started.
2023-03-22 10:35:30,628 [main] INFO  marytts.TargetFeatureLister Module started (ACOUSTPARAMS->TARGETFEATURES, locale null).
2023-03-22 10:35:30,628 [main] INFO  marytts.HTSEngine Module started (TARGETFEATURES->AUDIO, locale null).
2023-03-22 10:35:30,653 [main] INFO  marytts.HMMData Loading Tree Set in CARTs:
2023-03-22 10:35:30,713 [main] INFO  marytts.HMMData Loading GV Model Set:
2023-03-22 10:35:30,860 [main] INFO  marytts.Voice Registering voice `cmu-rms-hsmm': male, locale en_US
2023-03-22 10:35:30,860 [main] INFO  marytts.Voice New default voice for locale en_US: cmu-rms-hsmm (desire 0)
2023-03-22 10:35:30,865 [main] INFO  marytts.HMMData Loading Tree Set in CARTs:
2023-03-22 10:35:30,895 [main] INFO  marytts.HMMData Loading GV Model Set:
2023-03-22 10:35:30,994 [main] INFO  marytts.Voice Registering voice `cmu-slt-hsmm': female, locale en_US
2023-03-22 10:35:30,999 [main] INFO  marytts.HMMData Loading Tree Set in CARTs:
2023-03-22 10:35:31,029 [main] INFO  marytts.HMMData Loading GV Model Set:
2023-03-22 10:35:31,117 [main] INFO  marytts.Voice Registering voice `dfki-poppy-hsmm': female, locale en_GB
2023-03-22 10:35:31,117 [main] INFO  marytts.Voice New default voice for locale en_GB: dfki-poppy-hsmm (desire 0)
2023-03-22 10:35:31,117 [main] INFO  marytts.HMMSynthesizer started.
2023-03-22 10:35:31,117 [main] INFO  marytts.Synthesis Module started (ACOUSTPARAMS->AUDIO, locale null).
2023-03-22 10:35:31,117 [main] INFO  marytts.HMMSynthesizer Starting power-on self test.
2023-03-22 10:35:31,120 [main] INFO  marytts.HMMSynthesizer Power-on self test complete.
2023-03-22 10:35:31,121 [main] INFO  marytts.TextToMaryXML Module started (TEXT->RAWMARYXML, locale null).
2023-03-22 10:35:31,121 [main] INFO  marytts.TextToMaryXML Starting power-on self test.
2023-03-22 10:35:31,128 [main] WARN  marytts.TextToMaryXML Locale is null, overriding with en_US
2023-03-22 10:35:31,128 [main] WARN  marytts.TextToMaryXML Locale is null, overriding with en_US
2023-03-22 10:35:31,129 [main] INFO  marytts.TextToMaryXML Power-on self test complete.
2023-03-22 10:36:35,323 [main] INFO  marytts.main Mary starting up...
2023-03-22 10:36:35,326 [main] INFO  marytts.main Specification version 5.2
2023-03-22 10:36:35,326 [main] INFO  marytts.main Implementation version unknown
2023-03-22 10:36:35,326 [main] INFO  marytts.main Running on a Java 17.0.5 implementation by Eclipse Adoptium, on a Windows 10 platform (amd64, 10.0)
2023-03-22 10:36:35,489 [main] INFO  marytts.ModuleRegistry Now initiating mary module 'marytts.modules.Synthesis'
2023-03-22 10:36:35,492 [main] INFO  marytts.ModuleRegistry Now initiating mary module 'marytts.modules.TextToMaryXML'
2023-03-22 10:36:35,492 [main] INFO  marytts.ModuleRegistry Now initiating mary module 'marytts.modules.SableParser'
2023-03-22 10:36:35,493 [main] INFO  marytts.ModuleRegistry Now initiating mary module 'marytts.modules.SSMLParser'
2023-03-22 10:36:35,493 [main] INFO  marytts.ModuleRegistry Now initiating mary module 'marytts.modules.APMLParser'
2023-03-22 10:36:35,493 [main] INFO  marytts.ModuleRegistry Now initiating mary module 'marytts.modules.EmotionmlParser'
2023-03-22 10:36:35,494 [main] INFO  marytts.ModuleRegistry Now initiating mary module 'marytts.modules.JTokeniser'
2023-03-22 10:36:35,494 [main] INFO  marytts.ModuleRegistry Now initiating mary module 'marytts.modules.DummyTokens2Words'
2023-03-22 10:36:35,494 [main] INFO  marytts.ModuleRegistry Now initiating mary module 'marytts.modules.ProsodyGeneric'
2023-03-22 10:36:35,496 [main] INFO  marytts.ModuleRegistry Now initiating mary module 'marytts.modules.PronunciationModel'
2023-03-22 10:36:35,497 [main] INFO  marytts.ModuleRegistry Now initiating mary module 'marytts.modules.TargetFeatureLister'
2023-03-22 10:36:35,497 [main] INFO  marytts.ModuleRegistry Now initiating mary module 'marytts.modules.HalfPhoneTargetFeatureLister'
2023-03-22 10:36:35,498 [main] INFO  marytts.ModuleRegistry Now initiating mary module 'marytts.modules.AcousticModeller'
2023-03-22 10:36:35,498 [main] INFO  marytts.ModuleRegistry Now initiating mary module 'marytts.modules.RealisedAcoustparamsExtractor'
2023-03-22 10:36:35,499 [main] INFO  marytts.ModuleRegistry Now initiating mary module 'marytts.modules.RealisedDurationsExtractor'
2023-03-22 10:36:35,499 [main] INFO  marytts.ModuleRegistry Now initiating mary module 'marytts.modules.HTSEngine'
2023-03-22 10:36:35,500 [main] INFO  marytts.ModuleRegistry Now initiating mary module 'marytts.modules.PraatTextGridGenerator'
2023-03-22 10:36:35,500 [main] INFO  marytts.ModuleRegistry Now initiating mary module 'marytts.language.en.JTokeniser'
2023-03-22 10:36:35,501 [main] INFO  marytts.ModuleRegistry Now initiating mary module 'marytts.language.en.Preprocess'
2023-03-22 10:36:35,614 [main] INFO  marytts.ModuleRegistry Now initiating mary module 'marytts.modules.JPhonemiser(en_US.)'
2023-03-22 10:36:35,615 [main] INFO  marytts.JPhonemiser User dictionary '.\user-dictionaries\userdict-en_US.txt' for locale 'en_US' does not exist. Ignoring.
2023-03-22 10:36:35,663 [main] INFO  marytts.ModuleRegistry Now initiating mary module 'marytts.modules.JPhonemiser(en_GB.)'
2023-03-22 10:36:35,663 [main] INFO  marytts.JPhonemiser User dictionary '.\user-dictionaries\userdict-en_GB.txt' for locale 'en_GB' does not exist. Ignoring.
2023-03-22 10:36:35,694 [main] INFO  marytts.ModuleRegistry Now initiating mary module 'marytts.language.en.Prosody'
2023-03-22 10:36:35,694 [main] INFO  marytts.ModuleRegistry Now initiating mary module 'marytts.modules.SimplePhoneme2AP(en_US)'
2023-03-22 10:36:35,695 [main] INFO  marytts.ModuleRegistry Now initiating mary module 'marytts.language.en.PronunciationModel'
2023-03-22 10:36:35,695 [main] INFO  marytts.ModuleRegistry Now initiating mary module 'marytts.modules.OpenNLPPosTagger(en,en.pos)'
2023-03-22 10:36:35,698 [main] INFO  marytts.UnitSelectionSynthesizer started.
2023-03-22 10:36:35,699 [main] INFO  marytts.TargetFeatureLister Module started (ACOUSTPARAMS->TARGETFEATURES, locale null).
2023-03-22 10:36:35,699 [main] INFO  marytts.HTSEngine Module started (TARGETFEATURES->AUDIO, locale null).
2023-03-22 10:36:35,714 [main] INFO  marytts.HMMData Loading Tree Set in CARTs:
2023-03-22 10:36:35,755 [main] INFO  marytts.HMMData Loading GV Model Set:
2023-03-22 10:36:35,854 [main] INFO  marytts.Voice Registering voice `cmu-rms-hsmm': male, locale en_US
2023-03-22 10:36:35,854 [main] INFO  marytts.Voice New default voice for locale en_US: cmu-rms-hsmm (desire 0)
2023-03-22 10:36:35,857 [main] INFO  marytts.HMMData Loading Tree Set in CARTs:
2023-03-22 10:36:35,890 [main] INFO  marytts.HMMData Loading GV Model Set:
2023-03-22 10:36:35,973 [main] INFO  marytts.Voice Registering voice `cmu-slt-hsmm': female, locale en_US
2023-03-22 10:36:35,976 [main] INFO  marytts.HMMData Loading Tree Set in CARTs:
2023-03-22 10:36:36,006 [main] INFO  marytts.HMMData Loading GV Model Set:
2023-03-22 10:36:36,091 [main] INFO  marytts.Voice Registering voice `dfki-poppy-hsmm': female, locale en_GB
2023-03-22 10:36:36,091 [main] INFO  marytts.Voice New default voice for locale en_GB: dfki-poppy-hsmm (desire 0)
2023-03-22 10:36:36,091 [main] INFO  marytts.HMMSynthesizer started.
2023-03-22 10:36:36,091 [main] INFO  marytts.Synthesis Module started (ACOUSTPARAMS->AUDIO, locale null).
2023-03-22 10:36:36,091 [main] INFO  marytts.HMMSynthesizer Starting power-on self test.
2023-03-22 10:36:36,093 [main] INFO  marytts.HMMSynthesizer Power-on self test complete.
2023-03-22 10:36:36,094 [main] INFO  marytts.TextToMaryXML Module started (TEXT->RAWMARYXML, locale null).
2023-03-22 10:36:36,094 [main] INFO  marytts.TextToMaryXML Starting power-on self test.
2023-03-22 10:36:36,098 [main] WARN  marytts.TextToMaryXML Locale is null, overriding with en_US
2023-03-22 10:36:36,098 [main] WARN  marytts.TextToMaryXML Locale is null, overriding with en_US
2023-03-22 10:36:36,098 [main] INFO  marytts.TextToMaryXML Power-on self test complete.
2023-03-22 10:39:33,458 [main] INFO  marytts.main Mary starting up...
2023-03-22 10:39:33,463 [main] INFO  marytts.main Specification version 5.2
2023-03-22 10:39:33,463 [main] INFO  marytts.main Implementation version unknown
2023-03-22 10:39:33,463 [main] INFO  marytts.main Running on a Java 17.0.5 implementation by Eclipse Adoptium, on a Windows 10 platform (amd64, 10.0)
2023-03-22 10:39:33,732 [main] INFO  marytts.ModuleRegistry Now initiating mary module 'marytts.modules.Synthesis'
2023-03-22 10:39:33,738 [main] INFO  marytts.ModuleRegistry Now initiating mary module 'marytts.modules.TextToMaryXML'
2023-03-22 10:39:33,738 [main] INFO  marytts.ModuleRegistry Now initiating mary module 'marytts.modules.SableParser'
2023-03-22 10:39:33,739 [main] INFO  marytts.ModuleRegistry Now initiating mary module 'marytts.modules.SSMLParser'
2023-03-22 10:39:33,740 [main] INFO  marytts.ModuleRegistry Now initiating mary module 'marytts.modules.APMLParser'
2023-03-22 10:39:33,741 [main] INFO  marytts.ModuleRegistry Now initiating mary module 'marytts.modules.EmotionmlParser'
2023-03-22 10:39:33,742 [main] INFO  marytts.ModuleRegistry Now initiating mary module 'marytts.modules.JTokeniser'
2023-03-22 10:39:33,743 [main] INFO  marytts.ModuleRegistry Now initiating mary module 'marytts.modules.DummyTokens2Words'
2023-03-22 10:39:33,743 [main] INFO  marytts.ModuleRegistry Now initiating mary module 'marytts.modules.ProsodyGeneric'
2023-03-22 10:39:33,746 [main] INFO  marytts.ModuleRegistry Now initiating mary module 'marytts.modules.PronunciationModel'
2023-03-22 10:39:33,748 [main] INFO  marytts.ModuleRegistry Now initiating mary module 'marytts.modules.TargetFeatureLister'
2023-03-22 10:39:33,748 [main] INFO  marytts.ModuleRegistry Now initiating mary module 'marytts.modules.HalfPhoneTargetFeatureLister'
2023-03-22 10:39:33,749 [main] INFO  marytts.ModuleRegistry Now initiating mary module 'marytts.modules.AcousticModeller'
2023-03-22 10:39:33,750 [main] INFO  marytts.ModuleRegistry Now initiating mary module 'marytts.modules.RealisedAcoustparamsExtractor'
2023-03-22 10:39:33,750 [main] INFO  marytts.ModuleRegistry Now initiating mary module 'marytts.modules.RealisedDurationsExtractor'
2023-03-22 10:39:33,751 [main] INFO  marytts.ModuleRegistry Now initiating mary module 'marytts.modules.HTSEngine'
2023-03-22 10:39:33,752 [main] INFO  marytts.ModuleRegistry Now initiating mary module 'marytts.modules.PraatTextGridGenerator'
2023-03-22 10:39:33,753 [main] INFO  marytts.ModuleRegistry Now initiating mary module 'marytts.language.en.JTokeniser'
2023-03-22 10:39:33,753 [main] INFO  marytts.ModuleRegistry Now initiating mary module 'marytts.language.en.Preprocess'
2023-03-22 10:39:33,926 [main] INFO  marytts.ModuleRegistry Now initiating mary module 'marytts.modules.JPhonemiser(en_US.)'
2023-03-22 10:39:33,927 [main] INFO  marytts.JPhonemiser User dictionary '.\user-dictionaries\userdict-en_US.txt' for locale 'en_US' does not exist. Ignoring.
2023-03-22 10:39:33,988 [main] INFO  marytts.ModuleRegistry Now initiating mary module 'marytts.modules.JPhonemiser(en_GB.)'
2023-03-22 10:39:33,988 [main] INFO  marytts.JPhonemiser User dictionary '.\user-dictionaries\userdict-en_GB.txt' for locale 'en_GB' does not exist. Ignoring.
2023-03-22 10:39:34,028 [main] INFO  marytts.ModuleRegistry Now initiating mary module 'marytts.language.en.Prosody'
2023-03-22 10:39:34,029 [main] INFO  marytts.ModuleRegistry Now initiating mary module 'marytts.modules.SimplePhoneme2AP(en_US)'
2023-03-22 10:39:34,030 [main] INFO  marytts.ModuleRegistry Now initiating mary module 'marytts.language.en.PronunciationModel'
2023-03-22 10:39:34,030 [main] INFO  marytts.ModuleRegistry Now initiating mary module 'marytts.modules.OpenNLPPosTagger(en,en.pos)'
2023-03-22 10:39:34,035 [main] INFO  marytts.UnitSelectionSynthesizer started.
2023-03-22 10:39:34,036 [main] INFO  marytts.TargetFeatureLister Module started (ACOUSTPARAMS->TARGETFEATURES, locale null).
2023-03-22 10:39:34,036 [main] INFO  marytts.HTSEngine Module started (TARGETFEATURES->AUDIO, locale null).
2023-03-22 10:39:34,056 [main] INFO  marytts.HMMData Loading Tree Set in CARTs:
2023-03-22 10:39:34,111 [main] INFO  marytts.HMMData Loading GV Model Set:
2023-03-22 10:39:34,261 [main] INFO  marytts.Voice Registering voice `cmu-rms-hsmm': male, locale en_US
2023-03-22 10:39:34,261 [main] INFO  marytts.Voice New default voice for locale en_US: cmu-rms-hsmm (desire 0)
2023-03-22 10:39:34,265 [main] INFO  marytts.HMMData Loading Tree Set in CARTs:
2023-03-22 10:39:34,295 [main] INFO  marytts.HMMData Loading GV Model Set:
2023-03-22 10:39:34,400 [main] INFO  marytts.Voice Registering voice `cmu-slt-hsmm': female, locale en_US
2023-03-22 10:39:34,404 [main] INFO  marytts.HMMData Loading Tree Set in CARTs:
2023-03-22 10:39:34,445 [main] INFO  marytts.HMMData Loading GV Model Set:
2023-03-22 10:39:34,535 [main] INFO  marytts.Voice Registering voice `dfki-poppy-hsmm': female, locale en_GB
2023-03-22 10:39:34,535 [main] INFO  marytts.Voice New default voice for locale en_GB: dfki-poppy-hsmm (desire 0)
2023-03-22 10:39:34,535 [main] INFO  marytts.HMMSynthesizer started.
2023-03-22 10:39:34,535 [main] INFO  marytts.Synthesis Module started (ACOUSTPARAMS->AUDIO, locale null).
2023-03-22 10:39:34,536 [main] INFO  marytts.HMMSynthesizer Starting power-on self test.
2023-03-22 10:39:34,539 [main] INFO  marytts.HMMSynthesizer Power-on self test complete.
2023-03-22 10:39:34,540 [main] INFO  marytts.TextToMaryXML Module started (TEXT->RAWMARYXML, locale null).
2023-03-22 10:39:34,540 [main] INFO  marytts.TextToMaryXML Starting power-on self test.
2023-03-22 10:39:34,546 [main] WARN  marytts.TextToMaryXML Locale is null, overriding with en_US
2023-03-22 10:39:34,546 [main] WARN  marytts.TextToMaryXML Locale is null, overriding with en_US
2023-03-22 10:39:34,547 [main] INFO  marytts.TextToMaryXML Power-on self test complete.
2023-03-22 10:46:01,857 [main] INFO  marytts.main Mary starting up...
2023-03-22 10:46:12,431 [main] INFO  marytts.main Mary starting up...
2023-03-22 10:46:12,434 [main] INFO  marytts.main Specification version 5.2
2023-03-22 10:46:12,434 [main] INFO  marytts.main Implementation version unknown
2023-03-22 10:46:12,434 [main] INFO  marytts.main Running on a Java 17.0.5 implementation by Eclipse Adoptium, on a Windows 10 platform (amd64, 10.0)
2023-03-22 10:46:12,604 [main] INFO  marytts.ModuleRegistry Now initiating mary module 'marytts.modules.Synthesis'
2023-03-22 10:46:12,606 [main] INFO  marytts.ModuleRegistry Now initiating mary module 'marytts.modules.TextToMaryXML'
2023-03-22 10:46:12,607 [main] INFO  marytts.ModuleRegistry Now initiating mary module 'marytts.modules.SableParser'
2023-03-22 10:46:12,607 [main] INFO  marytts.ModuleRegistry Now initiating mary module 'marytts.modules.SSMLParser'
2023-03-22 10:46:12,607 [main] INFO  marytts.ModuleRegistry Now initiating mary module 'marytts.modules.APMLParser'
2023-03-22 10:46:12,608 [main] INFO  marytts.ModuleRegistry Now initiating mary module 'marytts.modules.EmotionmlParser'
2023-03-22 10:46:12,608 [main] INFO  marytts.ModuleRegistry Now initiating mary module 'marytts.modules.JTokeniser'
2023-03-22 10:46:12,609 [main] INFO  marytts.ModuleRegistry Now initiating mary module 'marytts.modules.DummyTokens2Words'
2023-03-22 10:46:12,609 [main] INFO  marytts.ModuleRegistry Now initiating mary module 'marytts.modules.ProsodyGeneric'
2023-03-22 10:46:12,610 [main] INFO  marytts.ModuleRegistry Now initiating mary module 'marytts.modules.PronunciationModel'
2023-03-22 10:46:12,611 [main] INFO  marytts.ModuleRegistry Now initiating mary module 'marytts.modules.TargetFeatureLister'
2023-03-22 10:46:12,612 [main] INFO  marytts.ModuleRegistry Now initiating mary module 'marytts.modules.HalfPhoneTargetFeatureLister'
2023-03-22 10:46:12,612 [main] INFO  marytts.ModuleRegistry Now initiating mary module 'marytts.modules.AcousticModeller'
2023-03-22 10:46:12,613 [main] INFO  marytts.ModuleRegistry Now initiating mary module 'marytts.modules.RealisedAcoustparamsExtractor'
2023-03-22 10:46:12,613 [main] INFO  marytts.ModuleRegistry Now initiating mary module 'marytts.modules.RealisedDurationsExtractor'
2023-03-22 10:46:12,613 [main] INFO  marytts.ModuleRegistry Now initiating mary module 'marytts.modules.HTSEngine'
2023-03-22 10:46:12,614 [main] INFO  marytts.ModuleRegistry Now initiating mary module 'marytts.modules.PraatTextGridGenerator'
2023-03-22 10:46:12,615 [main] INFO  marytts.ModuleRegistry Now initiating mary module 'marytts.language.en.JTokeniser'
2023-03-22 10:46:12,615 [main] INFO  marytts.ModuleRegistry Now initiating mary module 'marytts.language.en.Preprocess'
2023-03-22 10:46:12,730 [main] INFO  marytts.ModuleRegistry Now initiating mary module 'marytts.modules.JPhonemiser(en_US.)'
2023-03-22 10:46:12,731 [main] INFO  marytts.JPhonemiser User dictionary '.\user-dictionaries\userdict-en_US.txt' for locale 'en_US' does not exist. Ignoring.
2023-03-22 10:46:12,774 [main] INFO  marytts.ModuleRegistry Now initiating mary module 'marytts.modules.JPhonemiser(en_GB.)'
2023-03-22 10:46:12,775 [main] INFO  marytts.JPhonemiser User dictionary '.\user-dictionaries\userdict-en_GB.txt' for locale 'en_GB' does not exist. Ignoring.
2023-03-22 10:46:12,809 [main] INFO  marytts.ModuleRegistry Now initiating mary module 'marytts.language.en.Prosody'
2023-03-22 10:46:12,810 [main] INFO  marytts.ModuleRegistry Now initiating mary module 'marytts.modules.SimplePhoneme2AP(en_US)'
2023-03-22 10:46:12,810 [main] INFO  marytts.ModuleRegistry Now initiating mary module 'marytts.language.en.PronunciationModel'
2023-03-22 10:46:12,811 [main] INFO  marytts.ModuleRegistry Now initiating mary module 'marytts.modules.OpenNLPPosTagger(en,en.pos)'
2023-03-22 10:46:12,814 [main] INFO  marytts.UnitSelectionSynthesizer started.
2023-03-22 10:46:12,815 [main] INFO  marytts.TargetFeatureLister Module started (ACOUSTPARAMS->TARGETFEATURES, locale null).
2023-03-22 10:46:12,815 [main] INFO  marytts.HTSEngine Module started (TARGETFEATURES->AUDIO, locale null).
2023-03-22 10:46:12,831 [main] INFO  marytts.HMMData Loading Tree Set in CARTs:
2023-03-22 10:46:12,872 [main] INFO  marytts.HMMData Loading GV Model Set:
2023-03-22 10:46:12,984 [main] INFO  marytts.Voice Registering voice `cmu-rms-hsmm': male, locale en_US
2023-03-22 10:46:12,985 [main] INFO  marytts.Voice New default voice for locale en_US: cmu-rms-hsmm (desire 0)
2023-03-22 10:46:12,988 [main] INFO  marytts.HMMData Loading Tree Set in CARTs:
2023-03-22 10:46:13,029 [main] INFO  marytts.HMMData Loading GV Model Set:
2023-03-22 10:46:13,124 [main] INFO  marytts.Voice Registering voice `cmu-slt-hsmm': female, locale en_US
2023-03-22 10:46:13,127 [main] INFO  marytts.HMMData Loading Tree Set in CARTs:
2023-03-22 10:46:13,170 [main] INFO  marytts.HMMData Loading GV Model Set:
2023-03-22 10:46:13,270 [main] INFO  marytts.Voice Registering voice `dfki-poppy-hsmm': female, locale en_GB
2023-03-22 10:46:13,270 [main] INFO  marytts.Voice New default voice for locale en_GB: dfki-poppy-hsmm (desire 0)
2023-03-22 10:46:13,270 [main] INFO  marytts.HMMSynthesizer started.
2023-03-22 10:46:13,270 [main] INFO  marytts.Synthesis Module started (ACOUSTPARAMS->AUDIO, locale null).
2023-03-22 10:46:13,271 [main] INFO  marytts.HMMSynthesizer Starting power-on self test.
2023-03-22 10:46:13,273 [main] INFO  marytts.HMMSynthesizer Power-on self test complete.
2023-03-22 10:46:13,274 [main] INFO  marytts.TextToMaryXML Module started (TEXT->RAWMARYXML, locale null).
2023-03-22 10:46:13,275 [main] INFO  marytts.TextToMaryXML Starting power-on self test.
2023-03-22 10:46:13,281 [main] WARN  marytts.TextToMaryXML Locale is null, overriding with en_US
2023-03-22 10:46:13,281 [main] WARN  marytts.TextToMaryXML Locale is null, overriding with en_US
2023-03-22 10:46:13,281 [main] INFO  marytts.TextToMaryXML Power-on self test complete.
2023-03-22 10:47:56,285 [main] INFO  marytts.main Mary starting up...
2023-03-22 10:47:56,290 [main] INFO  marytts.main Specification version 5.2
2023-03-22 10:47:56,290 [main] INFO  marytts.main Implementation version unknown
2023-03-22 10:47:56,290 [main] INFO  marytts.main Running on a Java 17.0.5 implementation by Eclipse Adoptium, on a Windows 10 platform (amd64, 10.0)
2023-03-22 10:47:56,591 [main] INFO  marytts.ModuleRegistry Now initiating mary module 'marytts.modules.Synthesis'
2023-03-22 10:47:56,596 [main] INFO  marytts.ModuleRegistry Now initiating mary module 'marytts.modules.TextToMaryXML'
2023-03-22 10:47:56,598 [main] INFO  marytts.ModuleRegistry Now initiating mary module 'marytts.modules.SableParser'
2023-03-22 10:47:56,598 [main] INFO  marytts.ModuleRegistry Now initiating mary module 'marytts.modules.SSMLParser'
2023-03-22 10:47:56,599 [main] INFO  marytts.ModuleRegistry Now initiating mary module 'marytts.modules.APMLParser'
2023-03-22 10:47:56,600 [main] INFO  marytts.ModuleRegistry Now initiating mary module 'marytts.modules.EmotionmlParser'
2023-03-22 10:47:56,601 [main] INFO  marytts.ModuleRegistry Now initiating mary module 'marytts.modules.JTokeniser'
2023-03-22 10:47:56,602 [main] INFO  marytts.ModuleRegistry Now initiating mary module 'marytts.modules.DummyTokens2Words'
2023-03-22 10:47:56,603 [main] INFO  marytts.ModuleRegistry Now initiating mary module 'marytts.modules.ProsodyGeneric'
2023-03-22 10:47:56,607 [main] INFO  marytts.ModuleRegistry Now initiating mary module 'marytts.modules.PronunciationModel'
2023-03-22 10:47:56,608 [main] INFO  marytts.ModuleRegistry Now initiating mary module 'marytts.modules.TargetFeatureLister'
2023-03-22 10:47:56,609 [main] INFO  marytts.ModuleRegistry Now initiating mary module 'marytts.modules.HalfPhoneTargetFeatureLister'
2023-03-22 10:47:56,609 [main] INFO  marytts.ModuleRegistry Now initiating mary module 'marytts.modules.AcousticModeller'
2023-03-22 10:47:56,610 [main] INFO  marytts.ModuleRegistry Now initiating mary module 'marytts.modules.RealisedAcoustparamsExtractor'
2023-03-22 10:47:56,611 [main] INFO  marytts.ModuleRegistry Now initiating mary module 'marytts.modules.RealisedDurationsExtractor'
2023-03-22 10:47:56,611 [main] INFO  marytts.ModuleRegistry Now initiating mary module 'marytts.modules.HTSEngine'
2023-03-22 10:47:56,613 [main] INFO  marytts.ModuleRegistry Now initiating mary module 'marytts.modules.PraatTextGridGenerator'
2023-03-22 10:47:56,614 [main] INFO  marytts.ModuleRegistry Now initiating mary module 'marytts.language.en.JTokeniser'
2023-03-22 10:47:56,614 [main] INFO  marytts.ModuleRegistry Now initiating mary module 'marytts.language.en.Preprocess'
2023-03-22 10:47:56,885 [main] INFO  marytts.ModuleRegistry Now initiating mary module 'marytts.modules.JPhonemiser(en_US.)'
2023-03-22 10:47:56,889 [main] INFO  marytts.JPhonemiser User dictionary '.\user-dictionaries\userdict-en_US.txt' for locale 'en_US' does not exist. Ignoring.
2023-03-22 10:47:56,969 [main] INFO  marytts.ModuleRegistry Now initiating mary module 'marytts.modules.JPhonemiser(en_GB.)'
2023-03-22 10:47:56,970 [main] INFO  marytts.JPhonemiser User dictionary '.\user-dictionaries\userdict-en_GB.txt' for locale 'en_GB' does not exist. Ignoring.
2023-03-22 10:47:57,015 [main] INFO  marytts.ModuleRegistry Now initiating mary module 'marytts.language.en.Prosody'
2023-03-22 10:47:57,019 [main] INFO  marytts.ModuleRegistry Now initiating mary module 'marytts.modules.SimplePhoneme2AP(en_US)'
2023-03-22 10:47:57,021 [main] INFO  marytts.ModuleRegistry Now initiating mary module 'marytts.language.en.PronunciationModel'
2023-03-22 10:47:57,022 [main] INFO  marytts.ModuleRegistry Now initiating mary module 'marytts.modules.OpenNLPPosTagger(en,en.pos)'
2023-03-22 10:47:57,028 [main] INFO  marytts.UnitSelectionSynthesizer started.
2023-03-22 10:47:57,029 [main] INFO  marytts.TargetFeatureLister Module started (ACOUSTPARAMS->TARGETFEATURES, locale null).
2023-03-22 10:47:57,029 [main] INFO  marytts.HTSEngine Module started (TARGETFEATURES->AUDIO, locale null).
2023-03-22 10:47:57,060 [main] INFO  marytts.HMMData Loading Tree Set in CARTs:
2023-03-22 10:47:57,138 [main] INFO  marytts.HMMData Loading GV Model Set:
2023-03-22 10:47:57,307 [main] INFO  marytts.Voice Registering voice `cmu-rms-hsmm': male, locale en_US
2023-03-22 10:47:57,308 [main] INFO  marytts.Voice New default voice for locale en_US: cmu-rms-hsmm (desire 0)
2023-03-22 10:47:57,313 [main] INFO  marytts.HMMData Loading Tree Set in CARTs:
2023-03-22 10:47:57,351 [main] INFO  marytts.HMMData Loading GV Model Set:
2023-03-22 10:47:57,487 [main] INFO  marytts.Voice Registering voice `cmu-slt-hsmm': female, locale en_US
2023-03-22 10:47:57,491 [main] INFO  marytts.HMMData Loading Tree Set in CARTs:
2023-03-22 10:47:57,527 [main] INFO  marytts.HMMData Loading GV Model Set:
2023-03-22 10:47:57,618 [main] INFO  marytts.Voice Registering voice `dfki-poppy-hsmm': female, locale en_GB
2023-03-22 10:47:57,618 [main] INFO  marytts.Voice New default voice for locale en_GB: dfki-poppy-hsmm (desire 0)
2023-03-22 10:47:57,618 [main] INFO  marytts.HMMSynthesizer started.
2023-03-22 10:47:57,618 [main] INFO  marytts.Synthesis Module started (ACOUSTPARAMS->AUDIO, locale null).
2023-03-22 10:47:57,619 [main] INFO  marytts.HMMSynthesizer Starting power-on self test.
2023-03-22 10:47:57,621 [main] INFO  marytts.HMMSynthesizer Power-on self test complete.
2023-03-22 10:47:57,622 [main] INFO  marytts.TextToMaryXML Module started (TEXT->RAWMARYXML, locale null).
2023-03-22 10:47:57,622 [main] INFO  marytts.TextToMaryXML Starting power-on self test.
2023-03-22 10:47:57,627 [main] WARN  marytts.TextToMaryXML Locale is null, overriding with en_US
2023-03-22 10:47:57,627 [main] WARN  marytts.TextToMaryXML Locale is null, overriding with en_US
2023-03-22 10:47:57,628 [main] INFO  marytts.TextToMaryXML Power-on self test complete.
2023-03-22 10:58:16,853 [main] INFO  marytts.main Mary starting up...
2023-03-22 10:58:16,861 [main] INFO  marytts.main Specification version 5.2
2023-03-22 10:58:16,861 [main] INFO  marytts.main Implementation version unknown
2023-03-22 10:58:16,861 [main] INFO  marytts.main Running on a Java 17.0.5 implementation by Eclipse Adoptium, on a Windows 10 platform (amd64, 10.0)
2023-03-22 10:58:17,257 [main] INFO  marytts.ModuleRegistry Now initiating mary module 'marytts.modules.Synthesis'
2023-03-22 10:58:17,262 [main] INFO  marytts.ModuleRegistry Now initiating mary module 'marytts.modules.TextToMaryXML'
2023-03-22 10:58:17,263 [main] INFO  marytts.ModuleRegistry Now initiating mary module 'marytts.modules.SableParser'
2023-03-22 10:58:17,264 [main] INFO  marytts.ModuleRegistry Now initiating mary module 'marytts.modules.SSMLParser'
2023-03-22 10:58:17,265 [main] INFO  marytts.ModuleRegistry Now initiating mary module 'marytts.modules.APMLParser'
2023-03-22 10:58:17,266 [main] INFO  marytts.ModuleRegistry Now initiating mary module 'marytts.modules.EmotionmlParser'
2023-03-22 10:58:17,267 [main] INFO  marytts.ModuleRegistry Now initiating mary module 'marytts.modules.JTokeniser'
2023-03-22 10:58:17,268 [main] INFO  marytts.ModuleRegistry Now initiating mary module 'marytts.modules.DummyTokens2Words'
2023-03-22 10:58:17,268 [main] INFO  marytts.ModuleRegistry Now initiating mary module 'marytts.modules.ProsodyGeneric'
2023-03-22 10:58:17,272 [main] INFO  marytts.ModuleRegistry Now initiating mary module 'marytts.modules.PronunciationModel'
2023-03-22 10:58:17,273 [main] INFO  marytts.ModuleRegistry Now initiating mary module 'marytts.modules.TargetFeatureLister'
2023-03-22 10:58:17,274 [main] INFO  marytts.ModuleRegistry Now initiating mary module 'marytts.modules.HalfPhoneTargetFeatureLister'
2023-03-22 10:58:17,275 [main] INFO  marytts.ModuleRegistry Now initiating mary module 'marytts.modules.AcousticModeller'
2023-03-22 10:58:17,276 [main] INFO  marytts.ModuleRegistry Now initiating mary module 'marytts.modules.RealisedAcoustparamsExtractor'
2023-03-22 10:58:17,277 [main] INFO  marytts.ModuleRegistry Now initiating mary module 'marytts.modules.RealisedDurationsExtractor'
2023-03-22 10:58:17,278 [main] INFO  marytts.ModuleRegistry Now initiating mary module 'marytts.modules.HTSEngine'
2023-03-22 10:58:17,279 [main] INFO  marytts.ModuleRegistry Now initiating mary module 'marytts.modules.PraatTextGridGenerator'
2023-03-22 10:58:17,281 [main] INFO  marytts.ModuleRegistry Now initiating mary module 'marytts.language.en.JTokeniser'
2023-03-22 10:58:17,282 [main] INFO  marytts.ModuleRegistry Now initiating mary module 'marytts.language.en.Preprocess'
2023-03-22 10:58:17,506 [main] INFO  marytts.ModuleRegistry Now initiating mary module 'marytts.modules.JPhonemiser(en_US.)'
2023-03-22 10:58:17,507 [main] INFO  marytts.JPhonemiser User dictionary '.\user-dictionaries\userdict-en_US.txt' for locale 'en_US' does not exist. Ignoring.
2023-03-22 10:58:17,586 [main] INFO  marytts.ModuleRegistry Now initiating mary module 'marytts.modules.JPhonemiser(en_GB.)'
2023-03-22 10:58:17,587 [main] INFO  marytts.JPhonemiser User dictionary '.\user-dictionaries\userdict-en_GB.txt' for locale 'en_GB' does not exist. Ignoring.
2023-03-22 10:58:17,630 [main] INFO  marytts.ModuleRegistry Now initiating mary module 'marytts.language.en.Prosody'
2023-03-22 10:58:17,631 [main] INFO  marytts.ModuleRegistry Now initiating mary module 'marytts.modules.SimplePhoneme2AP(en_US)'
2023-03-22 10:58:17,632 [main] INFO  marytts.ModuleRegistry Now initiating mary module 'marytts.language.en.PronunciationModel'
2023-03-22 10:58:17,633 [main] INFO  marytts.ModuleRegistry Now initiating mary module 'marytts.modules.OpenNLPPosTagger(en,en.pos)'
2023-03-22 10:58:17,637 [main] INFO  marytts.UnitSelectionSynthesizer started.
2023-03-22 10:58:17,638 [main] INFO  marytts.TargetFeatureLister Module started (ACOUSTPARAMS->TARGETFEATURES, locale null).
2023-03-22 10:58:17,638 [main] INFO  marytts.HTSEngine Module started (TARGETFEATURES->AUDIO, locale null).
2023-03-22 10:58:17,662 [main] INFO  marytts.HMMData Loading Tree Set in CARTs:
2023-03-22 10:58:17,722 [main] INFO  marytts.HMMData Loading GV Model Set:
2023-03-22 10:58:17,892 [main] INFO  marytts.Voice Registering voice `cmu-rms-hsmm': male, locale en_US
2023-03-22 10:58:17,892 [main] INFO  marytts.Voice New default voice for locale en_US: cmu-rms-hsmm (desire 0)
2023-03-22 10:58:17,897 [main] INFO  marytts.HMMData Loading Tree Set in CARTs:
2023-03-22 10:58:17,934 [main] INFO  marytts.HMMData Loading GV Model Set:
2023-03-22 10:58:18,033 [main] INFO  marytts.Voice Registering voice `cmu-slt-hsmm': female, locale en_US
2023-03-22 10:58:18,037 [main] INFO  marytts.HMMData Loading Tree Set in CARTs:
2023-03-22 10:58:18,073 [main] INFO  marytts.HMMData Loading GV Model Set:
2023-03-22 10:58:18,154 [main] INFO  marytts.Voice Registering voice `dfki-poppy-hsmm': female, locale en_GB
2023-03-22 10:58:18,154 [main] INFO  marytts.Voice New default voice for locale en_GB: dfki-poppy-hsmm (desire 0)
2023-03-22 10:58:18,154 [main] INFO  marytts.HMMSynthesizer started.
2023-03-22 10:58:18,154 [main] INFO  marytts.Synthesis Module started (ACOUSTPARAMS->AUDIO, locale null).
2023-03-22 10:58:18,155 [main] INFO  marytts.HMMSynthesizer Starting power-on self test.
2023-03-22 10:58:18,157 [main] INFO  marytts.HMMSynthesizer Power-on self test complete.
2023-03-22 10:58:18,159 [main] INFO  marytts.TextToMaryXML Module started (TEXT->RAWMARYXML, locale null).
2023-03-22 10:58:18,159 [main] INFO  marytts.TextToMaryXML Starting power-on self test.
2023-03-22 10:58:18,166 [main] WARN  marytts.TextToMaryXML Locale is null, overriding with en_US
2023-03-22 10:58:18,166 [main] WARN  marytts.TextToMaryXML Locale is null, overriding with en_US
2023-03-22 10:58:18,167 [main] INFO  marytts.TextToMaryXML Power-on self test complete.
2023-03-22 11:00:38,817 [main] INFO  marytts.main Mary starting up...
2023-03-22 11:00:38,824 [main] INFO  marytts.main Specification version 5.2
2023-03-22 11:00:38,824 [main] INFO  marytts.main Implementation version unknown
2023-03-22 11:00:38,824 [main] INFO  marytts.main Running on a Java 17.0.5 implementation by Eclipse Adoptium, on a Windows 10 platform (amd64, 10.0)
2023-03-22 11:00:39,137 [main] INFO  marytts.ModuleRegistry Now initiating mary module 'marytts.modules.Synthesis'
2023-03-22 11:00:39,144 [main] INFO  marytts.ModuleRegistry Now initiating mary module 'marytts.modules.TextToMaryXML'
2023-03-22 11:00:39,146 [main] INFO  marytts.ModuleRegistry Now initiating mary module 'marytts.modules.SableParser'
2023-03-22 11:00:39,147 [main] INFO  marytts.ModuleRegistry Now initiating mary module 'marytts.modules.SSMLParser'
2023-03-22 11:00:39,148 [main] INFO  marytts.ModuleRegistry Now initiating mary module 'marytts.modules.APMLParser'
2023-03-22 11:00:39,150 [main] INFO  marytts.ModuleRegistry Now initiating mary module 'marytts.modules.EmotionmlParser'
2023-03-22 11:00:39,151 [main] INFO  marytts.ModuleRegistry Now initiating mary module 'marytts.modules.JTokeniser'
2023-03-22 11:00:39,152 [main] INFO  marytts.ModuleRegistry Now initiating mary module 'marytts.modules.DummyTokens2Words'
2023-03-22 11:00:39,154 [main] INFO  marytts.ModuleRegistry Now initiating mary module 'marytts.modules.ProsodyGeneric'
2023-03-22 11:00:39,160 [main] INFO  marytts.ModuleRegistry Now initiating mary module 'marytts.modules.PronunciationModel'
2023-03-22 11:00:39,161 [main] INFO  marytts.ModuleRegistry Now initiating mary module 'marytts.modules.TargetFeatureLister'
2023-03-22 11:00:39,162 [main] INFO  marytts.ModuleRegistry Now initiating mary module 'marytts.modules.HalfPhoneTargetFeatureLister'
2023-03-22 11:00:39,162 [main] INFO  marytts.ModuleRegistry Now initiating mary module 'marytts.modules.AcousticModeller'
2023-03-22 11:00:39,164 [main] INFO  marytts.ModuleRegistry Now initiating mary module 'marytts.modules.RealisedAcoustparamsExtractor'
2023-03-22 11:00:39,164 [main] INFO  marytts.ModuleRegistry Now initiating mary module 'marytts.modules.RealisedDurationsExtractor'
2023-03-22 11:00:39,164 [main] INFO  marytts.ModuleRegistry Now initiating mary module 'marytts.modules.HTSEngine'
2023-03-22 11:00:39,166 [main] INFO  marytts.ModuleRegistry Now initiating mary module 'marytts.modules.PraatTextGridGenerator'
2023-03-22 11:00:39,167 [main] INFO  marytts.ModuleRegistry Now initiating mary module 'marytts.language.en.JTokeniser'
2023-03-22 11:00:39,167 [main] INFO  marytts.ModuleRegistry Now initiating mary module 'marytts.language.en.Preprocess'
2023-03-22 11:00:39,400 [main] INFO  marytts.ModuleRegistry Now initiating mary module 'marytts.modules.JPhonemiser(en_US.)'
2023-03-22 11:00:39,402 [main] INFO  marytts.JPhonemiser User dictionary '.\user-dictionaries\userdict-en_US.txt' for locale 'en_US' does not exist. Ignoring.
2023-03-22 11:00:39,481 [main] INFO  marytts.ModuleRegistry Now initiating mary module 'marytts.modules.JPhonemiser(en_GB.)'
2023-03-22 11:00:39,481 [main] INFO  marytts.JPhonemiser User dictionary '.\user-dictionaries\userdict-en_GB.txt' for locale 'en_GB' does not exist. Ignoring.
2023-03-22 11:00:39,529 [main] INFO  marytts.ModuleRegistry Now initiating mary module 'marytts.language.en.Prosody'
2023-03-22 11:00:39,529 [main] INFO  marytts.ModuleRegistry Now initiating mary module 'marytts.modules.SimplePhoneme2AP(en_US)'
2023-03-22 11:00:39,530 [main] INFO  marytts.ModuleRegistry Now initiating mary module 'marytts.language.en.PronunciationModel'
2023-03-22 11:00:39,531 [main] INFO  marytts.ModuleRegistry Now initiating mary module 'marytts.modules.OpenNLPPosTagger(en,en.pos)'
2023-03-22 11:00:39,537 [main] INFO  marytts.UnitSelectionSynthesizer started.
2023-03-22 11:00:39,538 [main] INFO  marytts.TargetFeatureLister Module started (ACOUSTPARAMS->TARGETFEATURES, locale null).
2023-03-22 11:00:39,538 [main] INFO  marytts.HTSEngine Module started (TARGETFEATURES->AUDIO, locale null).
2023-03-22 11:00:39,568 [main] INFO  marytts.HMMData Loading Tree Set in CARTs:
2023-03-22 11:00:39,636 [main] INFO  marytts.HMMData Loading GV Model Set:
2023-03-22 11:00:39,839 [main] INFO  marytts.Voice Registering voice `cmu-rms-hsmm': male, locale en_US
2023-03-22 11:00:39,839 [main] INFO  marytts.Voice New default voice for locale en_US: cmu-rms-hsmm (desire 0)
2023-03-22 11:00:39,845 [main] INFO  marytts.HMMData Loading Tree Set in CARTs:
2023-03-22 11:00:39,878 [main] INFO  marytts.HMMData Loading GV Model Set:
2023-03-22 11:00:39,991 [main] INFO  marytts.Voice Registering voice `cmu-slt-hsmm': female, locale en_US
2023-03-22 11:00:39,995 [main] INFO  marytts.HMMData Loading Tree Set in CARTs:
2023-03-22 11:00:40,023 [main] INFO  marytts.HMMData Loading GV Model Set:
2023-03-22 11:00:40,112 [main] INFO  marytts.Voice Registering voice `dfki-poppy-hsmm': female, locale en_GB
2023-03-22 11:00:40,112 [main] INFO  marytts.Voice New default voice for locale en_GB: dfki-poppy-hsmm (desire 0)
2023-03-22 11:00:40,112 [main] INFO  marytts.HMMSynthesizer started.
2023-03-22 11:00:40,112 [main] INFO  marytts.Synthesis Module started (ACOUSTPARAMS->AUDIO, locale null).
2023-03-22 11:00:40,113 [main] INFO  marytts.HMMSynthesizer Starting power-on self test.
2023-03-22 11:00:40,115 [main] INFO  marytts.HMMSynthesizer Power-on self test complete.
2023-03-22 11:00:40,116 [main] INFO  marytts.TextToMaryXML Module started (TEXT->RAWMARYXML, locale null).
2023-03-22 11:00:40,116 [main] INFO  marytts.TextToMaryXML Starting power-on self test.
2023-03-22 11:00:40,121 [main] WARN  marytts.TextToMaryXML Locale is null, overriding with en_US
2023-03-22 11:00:40,122 [main] WARN  marytts.TextToMaryXML Locale is null, overriding with en_US
2023-03-22 11:00:40,122 [main] INFO  marytts.TextToMaryXML Power-on self test complete.
2023-03-22 11:06:52,061 [main] INFO  marytts.main Mary starting up...
2023-03-22 11:06:52,066 [main] INFO  marytts.main Specification version 5.2
2023-03-22 11:06:52,066 [main] INFO  marytts.main Implementation version unknown
2023-03-22 11:06:52,066 [main] INFO  marytts.main Running on a Java 1.8.0_202 implementation by Oracle Corporation, on a Windows 10 platform (amd64, 10.0)
2023-03-22 11:06:52,289 [main] INFO  marytts.ModuleRegistry Now initiating mary module 'marytts.modules.Synthesis'
2023-03-22 11:06:52,294 [main] INFO  marytts.ModuleRegistry Now initiating mary module 'marytts.modules.TextToMaryXML'
2023-03-22 11:06:52,295 [main] INFO  marytts.ModuleRegistry Now initiating mary module 'marytts.modules.SableParser'
2023-03-22 11:06:52,295 [main] INFO  marytts.ModuleRegistry Now initiating mary module 'marytts.modules.SSMLParser'
2023-03-22 11:06:52,296 [main] INFO  marytts.ModuleRegistry Now initiating mary module 'marytts.modules.APMLParser'
2023-03-22 11:06:52,297 [main] INFO  marytts.ModuleRegistry Now initiating mary module 'marytts.modules.EmotionmlParser'
2023-03-22 11:06:52,297 [main] INFO  marytts.ModuleRegistry Now initiating mary module 'marytts.modules.JTokeniser'
2023-03-22 11:06:52,298 [main] INFO  marytts.ModuleRegistry Now initiating mary module 'marytts.modules.DummyTokens2Words'
2023-03-22 11:06:52,298 [main] INFO  marytts.ModuleRegistry Now initiating mary module 'marytts.modules.ProsodyGeneric'
2023-03-22 11:06:52,300 [main] INFO  marytts.ModuleRegistry Now initiating mary module 'marytts.modules.PronunciationModel'
2023-03-22 11:06:52,301 [main] INFO  marytts.ModuleRegistry Now initiating mary module 'marytts.modules.TargetFeatureLister'
2023-03-22 11:06:52,302 [main] INFO  marytts.ModuleRegistry Now initiating mary module 'marytts.modules.HalfPhoneTargetFeatureLister'
2023-03-22 11:06:52,302 [main] INFO  marytts.ModuleRegistry Now initiating mary module 'marytts.modules.AcousticModeller'
2023-03-22 11:06:52,303 [main] INFO  marytts.ModuleRegistry Now initiating mary module 'marytts.modules.RealisedAcoustparamsExtractor'
2023-03-22 11:06:52,304 [main] INFO  marytts.ModuleRegistry Now initiating mary module 'marytts.modules.RealisedDurationsExtractor'
2023-03-22 11:06:52,304 [main] INFO  marytts.ModuleRegistry Now initiating mary module 'marytts.modules.HTSEngine'
2023-03-22 11:06:52,305 [main] INFO  marytts.ModuleRegistry Now initiating mary module 'marytts.modules.PraatTextGridGenerator'
2023-03-22 11:06:52,306 [main] INFO  marytts.ModuleRegistry Now initiating mary module 'marytts.language.en.JTokeniser'
2023-03-22 11:06:52,306 [main] INFO  marytts.ModuleRegistry Now initiating mary module 'marytts.language.en.Preprocess'
2023-03-22 11:06:52,460 [main] INFO  marytts.ModuleRegistry Now initiating mary module 'marytts.modules.JPhonemiser(en_US.)'
2023-03-22 11:06:52,461 [main] INFO  marytts.JPhonemiser User dictionary '.\user-dictionaries\userdict-en_US.txt' for locale 'en_US' does not exist. Ignoring.
2023-03-22 11:06:52,516 [main] INFO  marytts.ModuleRegistry Now initiating mary module 'marytts.modules.JPhonemiser(en_GB.)'
2023-03-22 11:06:52,516 [main] INFO  marytts.JPhonemiser User dictionary '.\user-dictionaries\userdict-en_GB.txt' for locale 'en_GB' does not exist. Ignoring.
2023-03-22 11:06:52,569 [main] INFO  marytts.ModuleRegistry Now initiating mary module 'marytts.language.en.Prosody'
2023-03-22 11:06:52,569 [main] INFO  marytts.ModuleRegistry Now initiating mary module 'marytts.modules.SimplePhoneme2AP(en_US)'
2023-03-22 11:06:52,570 [main] INFO  marytts.ModuleRegistry Now initiating mary module 'marytts.language.en.PronunciationModel'
2023-03-22 11:06:52,571 [main] INFO  marytts.ModuleRegistry Now initiating mary module 'marytts.modules.OpenNLPPosTagger(en,en.pos)'
2023-03-22 11:06:52,577 [main] INFO  marytts.UnitSelectionSynthesizer started.
2023-03-22 11:06:52,578 [main] INFO  marytts.TargetFeatureLister Module started (ACOUSTPARAMS->TARGETFEATURES, locale null).
2023-03-22 11:06:52,578 [main] INFO  marytts.HTSEngine Module started (TARGETFEATURES->AUDIO, locale null).
2023-03-22 11:06:52,601 [main] INFO  marytts.HMMData Loading Tree Set in CARTs:
2023-03-22 11:06:52,670 [main] INFO  marytts.HMMData Loading GV Model Set:
2023-03-22 11:06:52,801 [main] INFO  marytts.Voice Registering voice `cmu-rms-hsmm': male, locale en_US
2023-03-22 11:06:52,801 [main] INFO  marytts.Voice New default voice for locale en_US: cmu-rms-hsmm (desire 0)
2023-03-22 11:06:52,805 [main] INFO  marytts.HMMData Loading Tree Set in CARTs:
2023-03-22 11:06:52,836 [main] INFO  marytts.HMMData Loading GV Model Set:
2023-03-22 11:06:52,929 [main] INFO  marytts.Voice Registering voice `cmu-slt-hsmm': female, locale en_US
2023-03-22 11:06:52,932 [main] INFO  marytts.HMMData Loading Tree Set in CARTs:
2023-03-22 11:06:52,965 [main] INFO  marytts.HMMData Loading GV Model Set:
2023-03-22 11:06:53,061 [main] INFO  marytts.Voice Registering voice `dfki-poppy-hsmm': female, locale en_GB
2023-03-22 11:06:53,061 [main] INFO  marytts.Voice New default voice for locale en_GB: dfki-poppy-hsmm (desire 0)
2023-03-22 11:06:53,061 [main] INFO  marytts.HMMSynthesizer started.
2023-03-22 11:06:53,061 [main] INFO  marytts.Synthesis Module started (ACOUSTPARAMS->AUDIO, locale null).
2023-03-22 11:06:53,062 [main] INFO  marytts.HMMSynthesizer Starting power-on self test.
2023-03-22 11:06:53,064 [main] INFO  marytts.HMMSynthesizer Power-on self test complete.
2023-03-22 11:06:53,064 [main] INFO  marytts.TextToMaryXML Module started (TEXT->RAWMARYXML, locale null).
2023-03-22 11:06:53,065 [main] INFO  marytts.TextToMaryXML Starting power-on self test.
2023-03-22 11:06:53,069 [main] WARN  marytts.TextToMaryXML Locale is null, overriding with en_US
2023-03-22 11:06:53,069 [main] WARN  marytts.TextToMaryXML Locale is null, overriding with en_US
2023-03-22 11:06:53,069 [main] INFO  marytts.TextToMaryXML Power-on self test complete.
